  ConvolutionLayer.cpp
C:\Users\15475\OneDrive\Desktop\convolutional_network\cpp-convolutional-neural-net\ConvolutionLayer.cpp(26,56): warning C4244: '=': conversion from '_Ty' to 'T', possible loss of data
          with
          [
              _Ty=double
          ]
          and
          [
              T=png::byte
          ]
C:\Users\15475\OneDrive\Desktop\convolutional_network\cpp-convolutional-neural-net\ConvolutionLayer.cpp(27,58): warning C4244: '=': conversion from '_Ty' to 'T', possible loss of data
          with
          [
              _Ty=double
          ]
          and
          [
              T=png::byte
          ]
C:\Users\15475\OneDrive\Desktop\convolutional_network\cpp-convolutional-neural-net\ConvolutionLayer.cpp(28,57): warning C4244: '=': conversion from '_Ty' to 'T', possible loss of data
          with
          [
              _Ty=double
          ]
          and
          [
              T=png::byte
          ]
  convolutional_network.vcxproj -> C:\Users\15475\OneDrive\Desktop\convolutional_network\cpp-convolutional-neural-net\Debug\convolutional_network.exe
